<?xml version="1.0" encoding="UTF-8"?>
<coverage generated="1565722516003" clover="3.2.0">
  <project timestamp="1565722516003" name="All files">
    <metrics statements="24" coveredstatements="24" conditionals="10" coveredconditionals="10" methods="12" coveredmethods="12" elements="46" coveredelements="46" complexity="0" loc="24" ncloc="24" packages="1" files="7" classes="7"/>
    <file name="BackToTop.js" path="/Users/joe/Sites/portfolio-react/src/assets/components/BackToTop.js">
      <metrics statements="2" coveredstatements="2" conditionals="0" coveredconditionals="0" methods="1" coveredmethods="1"/>
      <line num="3" count="6" type="stmt"/>
      <line num="4" count="8" type="stmt"/>
    </file>
    <file name="Content.js" path="/Users/joe/Sites/portfolio-react/src/assets/components/Content.js">
      <metrics statements="2" coveredstatements="2" conditionals="0" coveredconditionals="0" methods="1" coveredmethods="1"/>
      <line num="8" count="1" type="stmt"/>
      <line num="9" count="1" type="stmt"/>
    </file>
    <file name="ContentAbout.js" path="/Users/joe/Sites/portfolio-react/src/assets/components/ContentAbout.js">
      <metrics statements="2" coveredstatements="2" conditionals="0" coveredconditionals="0" methods="1" coveredmethods="1"/>
      <line num="4" count="2" type="stmt"/>
      <line num="5" count="1" type="stmt"/>
    </file>
    <file name="ContentContact.js" path="/Users/joe/Sites/portfolio-react/src/assets/components/ContentContact.js">
      <metrics statements="2" coveredstatements="2" conditionals="0" coveredconditionals="0" methods="1" coveredmethods="1"/>
      <line num="4" count="2" type="stmt"/>
      <line num="5" count="1" type="stmt"/>
    </file>
    <file name="ContentIntro.js" path="/Users/joe/Sites/portfolio-react/src/assets/components/ContentIntro.js">
      <metrics statements="3" coveredstatements="3" conditionals="0" coveredconditionals="0" methods="1" coveredmethods="1"/>
      <line num="3" count="2" type="stmt"/>
      <line num="8" count="2" type="stmt"/>
      <line num="9" count="1" type="stmt"/>
    </file>
    <file name="ContentProjects.js" path="/Users/joe/Sites/portfolio-react/src/assets/components/ContentProjects.js">
      <metrics statements="10" coveredstatements="10" conditionals="10" coveredconditionals="10" methods="6" coveredmethods="6"/>
      <line num="4" count="2" type="stmt"/>
      <line num="159" count="2" type="stmt"/>
      <line num="162" count="82" type="stmt"/>
      <line num="166" count="46" type="stmt"/>
      <line num="167" count="36" type="stmt"/>
      <line num="171" count="2" type="stmt"/>
      <line num="172" count="36" type="stmt"/>
      <line num="185" count="2" type="stmt"/>
      <line num="188" count="2" type="stmt"/>
      <line num="189" count="2" type="stmt"/>
    </file>
    <file name="Header.js" path="/Users/joe/Sites/portfolio-react/src/assets/components/Header.js">
      <metrics statements="3" coveredstatements="3" conditionals="0" coveredconditionals="0" methods="1" coveredmethods="1"/>
      <line num="3" count="1" type="stmt"/>
      <line num="9" count="1" type="stmt"/>
      <line num="10" count="1" type="stmt"/>
    </file>
  </project>
</coverage>
