<?xml version="1.0" encoding="UTF-8"?>
<coverage generated="1565267840420" clover="3.2.0">
  <project timestamp="1565267840420" name="All files">
    <metrics statements="21" coveredstatements="11" conditionals="10" coveredconditionals="0" methods="11" coveredmethods="2" elements="42" coveredelements="13" complexity="0" loc="21" ncloc="21" packages="1" files="6" classes="6"/>
    <file name="BackToTop.js" path="/Users/joe/Sites/portfolio-react/src/assets/components/BackToTop.js">
      <metrics statements="2" coveredstatements="2" conditionals="0" coveredconditionals="0" methods="1" coveredmethods="1"/>
      <line num="3" count="2" type="stmt"/>
      <line num="4" count="2" type="stmt"/>
    </file>
    <file name="Content.js" path="/Users/joe/Sites/portfolio-react/src/assets/components/Content.js">
      <metrics statements="2" coveredstatements="2" conditionals="0" coveredconditionals="0" methods="1" coveredmethods="1"/>
      <line num="8" count="1" type="stmt"/>
      <line num="9" count="1" type="stmt"/>
    </file>
    <file name="ContentAbout.js" path="/Users/joe/Sites/portfolio-react/src/assets/components/ContentAbout.js">
      <metrics statements="2" coveredstatements="1" conditionals="0" coveredconditionals="0" methods="1" coveredmethods="0"/>
      <line num="4" count="1" type="stmt"/>
      <line num="5" count="0" type="stmt"/>
    </file>
    <file name="ContentContact.js" path="/Users/joe/Sites/portfolio-react/src/assets/components/ContentContact.js">
      <metrics statements="2" coveredstatements="1" conditionals="0" coveredconditionals="0" methods="1" coveredmethods="0"/>
      <line num="4" count="1" type="stmt"/>
      <line num="5" count="0" type="stmt"/>
    </file>
    <file name="ContentIntro.js" path="/Users/joe/Sites/portfolio-react/src/assets/components/ContentIntro.js">
      <metrics statements="3" coveredstatements="2" conditionals="0" coveredconditionals="0" methods="1" coveredmethods="0"/>
      <line num="3" count="1" type="stmt"/>
      <line num="8" count="1" type="stmt"/>
      <line num="9" count="0" type="stmt"/>
    </file>
    <file name="ContentProjects.js" path="/Users/joe/Sites/portfolio-react/src/assets/components/ContentProjects.js">
      <metrics statements="10" coveredstatements="3" conditionals="10" coveredconditionals="0" methods="6" coveredmethods="0"/>
      <line num="4" count="1" type="stmt"/>
      <line num="159" count="1" type="stmt"/>
      <line num="162" count="0" type="stmt"/>
      <line num="166" count="0" type="stmt"/>
      <line num="167" count="0" type="stmt"/>
      <line num="171" count="0" type="stmt"/>
      <line num="172" count="0" type="stmt"/>
      <line num="185" count="0" type="stmt"/>
      <line num="188" count="1" type="stmt"/>
      <line num="189" count="0" type="stmt"/>
    </file>
  </project>
</coverage>
