{"/Users/joe/Sites/portfolio-react/src/assets/components/BackToTop.js": {"path":"/Users/joe/Sites/portfolio-react/src/assets/components/BackToTop.js","statementMap":{"0":{"start":{"line":3,"column":18},"end":{"line":11,"column":1}},"1":{"start":{"line":4,"column":2},"end":{"line":10,"column":4}}},"fnMap":{"0":{"name":"(anonymous_0)","decl":{"start":{"line":3,"column":18},"end":{"line":3,"column":19}},"loc":{"start":{"line":3,"column":27},"end":{"line":11,"column":1}},"line":3}},"branchMap":{},"s":{"0":2,"1":2},"f":{"0":2},"b":{},"_coverageSchema":"43e27e138ebf9cfc5966b082cf9a028302ed4184","hash":"b842c082dcdad65293645495a4a3e210ad3b7c7b"}
,"/Users/joe/Sites/portfolio-react/src/assets/components/Content.js": {"path":"/Users/joe/Sites/portfolio-react/src/assets/components/Content.js","statementMap":{"0":{"start":{"line":8,"column":16},"end":{"line":17,"column":1}},"1":{"start":{"line":9,"column":2},"end":{"line":16,"column":4}}},"fnMap":{"0":{"name":"(anonymous_0)","decl":{"start":{"line":8,"column":16},"end":{"line":8,"column":17}},"loc":{"start":{"line":8,"column":25},"end":{"line":17,"column":1}},"line":8}},"branchMap":{},"s":{"0":1,"1":1},"f":{"0":1},"b":{},"_coverageSchema":"43e27e138ebf9cfc5966b082cf9a028302ed4184","hash":"5ebd795a099f3add7cb0271168691d49c04ce6f2"}
,"/Users/joe/Sites/portfolio-react/src/assets/components/ContentAbout.js": {"path":"/Users/joe/Sites/portfolio-react/src/assets/components/ContentAbout.js","statementMap":{"0":{"start":{"line":4,"column":21},"end":{"line":28,"column":1}},"1":{"start":{"line":5,"column":2},"end":{"line":27,"column":4}}},"fnMap":{"0":{"name":"(anonymous_0)","decl":{"start":{"line":4,"column":21},"end":{"line":4,"column":22}},"loc":{"start":{"line":4,"column":30},"end":{"line":28,"column":1}},"line":4}},"branchMap":{},"s":{"0":1,"1":0},"f":{"0":0},"b":{},"_coverageSchema":"43e27e138ebf9cfc5966b082cf9a028302ed4184","hash":"125b5c05424f9284c2632220e0b085817958b618"}
,"/Users/joe/Sites/portfolio-react/src/assets/components/ContentContact.js": {"path":"/Users/joe/Sites/portfolio-react/src/assets/components/ContentContact.js","statementMap":{"0":{"start":{"line":4,"column":23},"end":{"line":16,"column":1}},"1":{"start":{"line":5,"column":2},"end":{"line":15,"column":4}}},"fnMap":{"0":{"name":"(anonymous_0)","decl":{"start":{"line":4,"column":23},"end":{"line":4,"column":24}},"loc":{"start":{"line":4,"column":32},"end":{"line":16,"column":1}},"line":4}},"branchMap":{},"s":{"0":1,"1":0},"f":{"0":0},"b":{},"_coverageSchema":"43e27e138ebf9cfc5966b082cf9a028302ed4184","hash":"72eeadd44a298e4dab44c05335e2c59c1273a382"}
,"/Users/joe/Sites/portfolio-react/src/assets/components/ContentIntro.js": {"path":"/Users/joe/Sites/portfolio-react/src/assets/components/ContentIntro.js","statementMap":{"0":{"start":{"line":3,"column":13},"end":{"line":6,"column":1}},"1":{"start":{"line":8,"column":21},"end":{"line":26,"column":1}},"2":{"start":{"line":9,"column":2},"end":{"line":25,"column":4}}},"fnMap":{"0":{"name":"(anonymous_0)","decl":{"start":{"line":8,"column":21},"end":{"line":8,"column":22}},"loc":{"start":{"line":8,"column":30},"end":{"line":26,"column":1}},"line":8}},"branchMap":{},"s":{"0":1,"1":1,"2":0},"f":{"0":0},"b":{},"_coverageSchema":"43e27e138ebf9cfc5966b082cf9a028302ed4184","hash":"e00075e88e3a64e2249884d5bc2c75a86624b1c0"}
,"/Users/joe/Sites/portfolio-react/src/assets/components/ContentProjects.js": {"path":"/Users/joe/Sites/portfolio-react/src/assets/components/ContentProjects.js","statementMap":{"0":{"start":{"line":4,"column":17},"end":{"line":157,"column":1}},"1":{"start":{"line":159,"column":15},"end":{"line":159,"column":16}},"2":{"start":{"line":162,"column":2},"end":{"line":162,"column":20}},"3":{"start":{"line":166,"column":16},"end":{"line":166,"column":125}},"4":{"start":{"line":166,"column":42},"end":{"line":166,"column":124}},"5":{"start":{"line":167,"column":2},"end":{"line":167,"column":15}},"6":{"start":{"line":171,"column":19},"end":{"line":183,"column":4}},"7":{"start":{"line":172,"column":4},"end":{"line":182,"column":9}},"8":{"start":{"line":185,"column":2},"end":{"line":185,"column":18}},"9":{"start":{"line":188,"column":24},"end":{"line":202,"column":1}},"10":{"start":{"line":189,"column":2},"end":{"line":201,"column":4}}},"fnMap":{"0":{"name":"getKey","decl":{"start":{"line":161,"column":9},"end":{"line":161,"column":15}},"loc":{"start":{"line":161,"column":18},"end":{"line":163,"column":1}},"line":161},"1":{"name":"Links","decl":{"start":{"line":165,"column":9},"end":{"line":165,"column":14}},"loc":{"start":{"line":165,"column":22},"end":{"line":168,"column":1}},"line":165},"2":{"name":"(anonymous_2)","decl":{"start":{"line":166,"column":32},"end":{"line":166,"column":33}},"loc":{"start":{"line":166,"column":42},"end":{"line":166,"column":124}},"line":166},"3":{"name":"ProjectList","decl":{"start":{"line":170,"column":9},"end":{"line":170,"column":20}},"loc":{"start":{"line":170,"column":28},"end":{"line":186,"column":1}},"line":170},"4":{"name":"(anonymous_4)","decl":{"start":{"line":171,"column":38},"end":{"line":171,"column":39}},"loc":{"start":{"line":172,"column":4},"end":{"line":182,"column":9}},"line":172},"5":{"name":"(anonymous_5)","decl":{"start":{"line":188,"column":24},"end":{"line":188,"column":25}},"loc":{"start":{"line":188,"column":33},"end":{"line":202,"column":1}},"line":188}},"branchMap":{"0":{"loc":{"start":{"line":173,"column":7},"end":{"line":173,"column":139}},"type":"binary-expr","locations":[{"start":{"line":173,"column":7},"end":{"line":173,"column":19}},{"start":{"line":173,"column":23},"end":{"line":173,"column":139}}],"line":173},"1":{"loc":{"start":{"line":174,"column":7},"end":{"line":174,"column":56}},"type":"binary-expr","locations":[{"start":{"line":174,"column":7},"end":{"line":174,"column":19}},{"start":{"line":174,"column":23},"end":{"line":174,"column":56}}],"line":174},"2":{"loc":{"start":{"line":175,"column":7},"end":{"line":175,"column":80}},"type":"binary-expr","locations":[{"start":{"line":175,"column":7},"end":{"line":175,"column":26}},{"start":{"line":175,"column":30},"end":{"line":175,"column":80}}],"line":175},"3":{"loc":{"start":{"line":176,"column":7},"end":{"line":180,"column":7}},"type":"binary-expr","locations":[{"start":{"line":176,"column":7},"end":{"line":176,"column":21}},{"start":{"line":177,"column":8},"end":{"line":179,"column":12}}],"line":176},"4":{"loc":{"start":{"line":181,"column":7},"end":{"line":181,"column":55}},"type":"binary-expr","locations":[{"start":{"line":181,"column":7},"end":{"line":181,"column":20}},{"start":{"line":181,"column":24},"end":{"line":181,"column":55}}],"line":181}},"s":{"0":1,"1":1,"2":0,"3":0,"4":0,"5":0,"6":0,"7":0,"8":0,"9":1,"10":0},"f":{"0":0,"1":0,"2":0,"3":0,"4":0,"5":0},"b":{"0":[0,0],"1":[0,0],"2":[0,0],"3":[0,0],"4":[0,0]},"_coverageSchema":"43e27e138ebf9cfc5966b082cf9a028302ed4184","hash":"b9f4143d8c16079805043001e62d76a65fde4d47"}
}
