TN:
SF:/Users/joe/Sites/portfolio-react/src/assets/components/BackToTop.js
FN:3,(anonymous_0)
FNF:1
FNH:1
FNDA:2,(anonymous_0)
DA:3,2
DA:4,2
LF:2
LH:2
BRF:0
BRH:0
end_of_record
TN:
SF:/Users/joe/Sites/portfolio-react/src/assets/components/Content.js
FN:8,(anonymous_0)
FNF:1
FNH:1
FNDA:1,(anonymous_0)
DA:8,1
DA:9,1
LF:2
LH:2
BRF:0
BRH:0
end_of_record
TN:
SF:/Users/joe/Sites/portfolio-react/src/assets/components/ContentAbout.js
FN:4,(anonymous_0)
FNF:1
FNH:0
FNDA:0,(anonymous_0)
DA:4,1
DA:5,0
LF:2
LH:1
BRF:0
BRH:0
end_of_record
TN:
SF:/Users/joe/Sites/portfolio-react/src/assets/components/ContentContact.js
FN:4,(anonymous_0)
FNF:1
FNH:0
FNDA:0,(anonymous_0)
DA:4,1
DA:5,0
LF:2
LH:1
BRF:0
BRH:0
end_of_record
TN:
SF:/Users/joe/Sites/portfolio-react/src/assets/components/ContentIntro.js
FN:8,(anonymous_0)
FNF:1
FNH:0
FNDA:0,(anonymous_0)
DA:3,1
DA:8,1
DA:9,0
LF:3
LH:2
BRF:0
BRH:0
end_of_record
TN:
SF:/Users/joe/Sites/portfolio-react/src/assets/components/ContentProjects.js
FN:161,getKey
FN:165,Links
FN:166,(anonymous_2)
FN:170,ProjectList
FN:171,(anonymous_4)
FN:188,(anonymous_5)
FNF:6
FNH:0
FNDA:0,getKey
FNDA:0,Links
FNDA:0,(anonymous_2)
FNDA:0,ProjectList
FNDA:0,(anonymous_4)
FNDA:0,(anonymous_5)
DA:4,1
DA:159,1
DA:162,0
DA:166,0
DA:167,0
DA:171,0
DA:172,0
DA:185,0
DA:188,1
DA:189,0
LF:10
LH:3
BRDA:173,0,0,0
BRDA:173,0,1,0
BRDA:174,1,0,0
BRDA:174,1,1,0
BRDA:175,2,0,0
BRDA:175,2,1,0
BRDA:176,3,0,0
BRDA:176,3,1,0
BRDA:181,4,0,0
BRDA:181,4,1,0
BRF:10
BRH:0
end_of_record
