TN:
SF:/Users/joe/Sites/portfolio-react/src/assets/components/BackToTop.js
FN:3,(anonymous_0)
FNF:1
FNH:1
FNDA:8,(anonymous_0)
DA:3,6
DA:4,8
LF:2
LH:2
BRF:0
BRH:0
end_of_record
TN:
SF:/Users/joe/Sites/portfolio-react/src/assets/components/Content.js
FN:8,(anonymous_0)
FNF:1
FNH:1
FNDA:1,(anonymous_0)
DA:8,1
DA:9,1
LF:2
LH:2
BRF:0
BRH:0
end_of_record
TN:
SF:/Users/joe/Sites/portfolio-react/src/assets/components/ContentAbout.js
FN:4,(anonymous_0)
FNF:1
FNH:1
FNDA:1,(anonymous_0)
DA:4,2
DA:5,1
LF:2
LH:2
BRF:0
BRH:0
end_of_record
TN:
SF:/Users/joe/Sites/portfolio-react/src/assets/components/ContentContact.js
FN:4,(anonymous_0)
FNF:1
FNH:1
FNDA:1,(anonymous_0)
DA:4,2
DA:5,1
LF:2
LH:2
BRF:0
BRH:0
end_of_record
TN:
SF:/Users/joe/Sites/portfolio-react/src/assets/components/ContentIntro.js
FN:8,(anonymous_0)
FNF:1
FNH:1
FNDA:1,(anonymous_0)
DA:3,2
DA:8,2
DA:9,1
LF:3
LH:3
BRF:0
BRH:0
end_of_record
TN:
SF:/Users/joe/Sites/portfolio-react/src/assets/components/ContentProjects.js
FN:161,getKey
FN:165,Links
FN:166,(anonymous_2)
FN:170,ProjectList
FN:171,(anonymous_4)
FN:188,(anonymous_5)
FNF:6
FNH:6
FNDA:82,getKey
FNDA:36,Links
FNDA:46,(anonymous_2)
FNDA:2,ProjectList
FNDA:36,(anonymous_4)
FNDA:2,(anonymous_5)
DA:4,2
DA:159,2
DA:162,82
DA:166,46
DA:167,36
DA:171,2
DA:172,36
DA:185,2
DA:188,2
DA:189,2
LF:10
LH:10
BRDA:173,0,0,36
BRDA:173,0,1,34
BRDA:174,1,0,36
BRDA:174,1,1,34
BRDA:175,2,0,36
BRDA:175,2,1,2
BRDA:176,3,0,36
BRDA:176,3,1,36
BRDA:181,4,0,36
BRDA:181,4,1,36
BRF:10
BRH:10
end_of_record
TN:
SF:/Users/joe/Sites/portfolio-react/src/assets/components/Header.js
FN:9,(anonymous_0)
FNF:1
FNH:1
FNDA:1,(anonymous_0)
DA:3,1
DA:9,1
DA:10,1
LF:3
LH:3
BRF:0
BRH:0
end_of_record
